<?xml version="1.0" encoding="UTF-8" ?>
<testsuite tests="36" failures="0" name="com.uranus.service.IndexServiceTest" time="26.834" errors="0" skipped="35">
  <properties>
    <property name="java.runtime.name" value="Java(TM) SE Runtime Environment"/>
    <property name="sun.boot.library.path" value="/Library/Java/JavaVirtualMachines/jdk1.8.0_191.jdk/Contents/Home/jre/lib"/>
    <property name="java.vm.version" value="25.191-b12"/>
    <property name="gopherProxySet" value="false"/>
    <property name="java.vm.vendor" value="Oracle Corporation"/>
    <property name="maven.multiModuleProjectDirectory" value="/Users/atoyoshima/dev/git/uranus/source"/>
    <property name="java.vendor.url" value="http://java.oracle.com/"/>
    <property name="path.separator" value=":"/>
    <property name="guice.disable.misplaced.annotation.check" value="true"/>
    <property name="java.vm.name" value="Java HotSpot(TM) 64-Bit Server VM"/>
    <property name="file.encoding.pkg" value="sun.io"/>
    <property name="user.country" value="JP"/>
    <property name="sun.java.launcher" value="SUN_STANDARD"/>
    <property name="sun.os.patch.level" value="unknown"/>
    <property name="java.vm.specification.name" value="Java Virtual Machine Specification"/>
    <property name="user.dir" value="/Users/atoyoshima/dev/git/uranus/source"/>
    <property name="java.runtime.version" value="1.8.0_191-b12"/>
    <property name="java.awt.graphicsenv" value="sun.awt.CGraphicsEnvironment"/>
    <property name="java.endorsed.dirs" value="/Library/Java/JavaVirtualMachines/jdk1.8.0_191.jdk/Contents/Home/jre/lib/endorsed"/>
    <property name="os.arch" value="x86_64"/>
    <property name="java.io.tmpdir" value="/var/folders/5_/wmp_5w0j1md10qj23mjhw7cr0000gn/T/"/>
    <property name="line.separator" value="
"/>
    <property name="java.vm.specification.vendor" value="Oracle Corporation"/>
    <property name="os.name" value="Mac OS X"/>
    <property name="classworlds.conf" value="/usr/local/Cellar/maven/3.6.1/libexec/bin/m2.conf"/>
    <property name="sun.jnu.encoding" value="UTF-8"/>
    <property name="java.library.path" value="/Users/atoyoshima/Library/Java/Extensions:/Library/Java/Extensions:/Network/Library/Java/Extensions:/System/Library/Java/Extensions:/usr/lib/java:."/>
    <property name="maven.conf" value="/usr/local/Cellar/maven/3.6.1/libexec/conf"/>
    <property name="java.specification.name" value="Java Platform API Specification"/>
    <property name="java.class.version" value="52.0"/>
    <property name="sun.management.compiler" value="HotSpot 64-Bit Tiered Compilers"/>
    <property name="os.version" value="10.14.4"/>
    <property name="library.jansi.path" value="/usr/local/Cellar/maven/3.6.1/libexec/lib/jansi-native"/>
    <property name="http.nonProxyHosts" value="local|*.local|169.254/16|*.169.254/16"/>
    <property name="user.home" value="/Users/atoyoshima"/>
    <property name="user.timezone" value="Asia/Jayapura"/>
    <property name="java.awt.printerjob" value="sun.lwawt.macosx.CPrinterJob"/>
    <property name="java.specification.version" value="1.8"/>
    <property name="file.encoding" value="UTF-8"/>
    <property name="user.name" value="atoyoshima"/>
    <property name="java.class.path" value="/usr/local/Cellar/maven/3.6.1/libexec/boot/plexus-classworlds-2.6.0.jar"/>
    <property name="java.vm.specification.version" value="1.8"/>
    <property name="sun.arch.data.model" value="64"/>
    <property name="java.home" value="/Library/Java/JavaVirtualMachines/jdk1.8.0_191.jdk/Contents/Home/jre"/>
    <property name="sun.java.command" value="org.codehaus.plexus.classworlds.launcher.Launcher package"/>
    <property name="java.specification.vendor" value="Oracle Corporation"/>
    <property name="user.language" value="ja"/>
    <property name="awt.toolkit" value="sun.lwawt.macosx.LWCToolkit"/>
    <property name="java.vm.info" value="mixed mode"/>
    <property name="java.version" value="1.8.0_191"/>
    <property name="java.ext.dirs" value="/Users/atoyoshima/Library/Java/Extensions:/Library/Java/JavaVirtualMachines/jdk1.8.0_191.jdk/Contents/Home/jre/lib/ext:/Library/Java/Extensions:/Network/Library/Java/Extensions:/System/Library/Java/Extensions:/usr/lib/java"/>
    <property name="sun.boot.class.path" value="/Library/Java/JavaVirtualMachines/jdk1.8.0_191.jdk/Contents/Home/jre/lib/resources.jar:/Library/Java/JavaVirtualMachines/jdk1.8.0_191.jdk/Contents/Home/jre/lib/rt.jar:/Library/Java/JavaVirtualMachines/jdk1.8.0_191.jdk/Contents/Home/jre/lib/sunrsasign.jar:/Library/Java/JavaVirtualMachines/jdk1.8.0_191.jdk/Contents/Home/jre/lib/jsse.jar:/Library/Java/JavaVirtualMachines/jdk1.8.0_191.jdk/Contents/Home/jre/lib/jce.jar:/Library/Java/JavaVirtualMachines/jdk1.8.0_191.jdk/Contents/Home/jre/lib/charsets.jar:/Library/Java/JavaVirtualMachines/jdk1.8.0_191.jdk/Contents/Home/jre/lib/jfr.jar:/Library/Java/JavaVirtualMachines/jdk1.8.0_191.jdk/Contents/Home/jre/classes"/>
    <property name="java.vendor" value="Oracle Corporation"/>
    <property name="maven.home" value="/usr/local/Cellar/maven/3.6.1/libexec"/>
    <property name="file.separator" value="/"/>
    <property name="java.vendor.url.bug" value="http://bugreport.sun.com/bugreport/"/>
    <property name="sun.cpu.endian" value="little"/>
    <property name="sun.io.unicode.encoding" value="UnicodeBig"/>
    <property name="socksNonProxyHosts" value="local|*.local|169.254/16|*.169.254/16"/>
    <property name="ftp.nonProxyHosts" value="local|*.local|169.254/16|*.169.254/16"/>
    <property name="sun.cpu.isalist" value=""/>
  </properties>
  <testcase classname="com.uranus.service.IndexServiceTest" name="assembleElementDtoTest" time="0.731"/>
  <testcase classname="com.uranus.service.IndexServiceTest" name="getListTest" time="0.731">
    <skipped/>
  </testcase>
  <testcase classname="com.uranus.service.IndexServiceTest" name="createElementTest" time="0.732">
    <skipped/>
  </testcase>
  <testcase classname="com.uranus.service.IndexServiceTest" name="addElementTest" time="0.733">
    <skipped/>
  </testcase>
  <testcase classname="com.uranus.service.IndexServiceTest" name="updateElementTextTest" time="0.734">
    <skipped/>
  </testcase>
  <testcase classname="com.uranus.service.IndexServiceTest" name="removeElementTest" time="0.735">
    <skipped/>
  </testcase>
  <testcase classname="com.uranus.service.IndexServiceTest" name="toggleElementCheckTest" time="0.736">
    <skipped/>
  </testcase>
  <testcase classname="com.uranus.service.IndexServiceTest" name="exchangeElementsTest" time="0.736">
    <skipped/>
  </testcase>
  <testcase classname="com.uranus.service.IndexServiceTest" name="clearTest" time="0.737">
    <skipped/>
  </testcase>
  <testcase classname="com.uranus.service.IndexServiceTest" name="getAncestorIdTest" time="0.738">
    <skipped/>
  </testcase>
  <testcase classname="com.uranus.service.IndexServiceTest" name="rearrangeAncestorRelationTest" time="0.739">
    <skipped/>
  </testcase>
  <testcase classname="com.uranus.service.IndexServiceTest" name="rearrangeParentRelationTest" time="0.739">
    <skipped/>
  </testcase>
  <testcase classname="com.uranus.service.IndexServiceTest" name="rearrangeChildRelationTest" time="0.74">
    <skipped/>
  </testcase>
  <testcase classname="com.uranus.service.IndexServiceTest" name="getRelationByParentIdTest" time="0.741">
    <skipped/>
  </testcase>
  <testcase classname="com.uranus.service.IndexServiceTest" name="toggleIsRootPropertyTest" time="0.742">
    <skipped/>
  </testcase>
  <testcase classname="com.uranus.service.IndexServiceTest" name="createRelationsTest" time="0.743">
    <skipped/>
  </testcase>
  <testcase classname="com.uranus.service.IndexServiceTest" name="removeRelationsTest" time="0.744">
    <skipped/>
  </testcase>
  <testcase classname="com.uranus.service.IndexServiceTest" name="createElementMapTest" time="0.745">
    <skipped/>
  </testcase>
  <testcase classname="com.uranus.service.IndexServiceTest" name="createSortedListTest" time="0.746">
    <skipped/>
  </testcase>
  <testcase classname="com.uranus.service.IndexServiceTest" name="getRootElementTest" time="0.747">
    <skipped/>
  </testcase>
  <testcase classname="com.uranus.service.IndexServiceTest" name="getRootRelationTest" time="0.747">
    <skipped/>
  </testcase>
  <testcase classname="com.uranus.service.IndexServiceTest" name="removeDownwardContentsTest" time="0.748">
    <skipped/>
  </testcase>
  <testcase classname="com.uranus.service.IndexServiceTest" name="updateElementTest" time="0.749">
    <skipped/>
  </testcase>
  <testcase classname="com.uranus.service.IndexServiceTest" name="deleteElementTest" time="0.75">
    <skipped/>
  </testcase>
  <testcase classname="com.uranus.service.IndexServiceTest" name="deleteRelationTest" time="0.751">
    <skipped/>
  </testcase>
  <testcase classname="com.uranus.service.IndexServiceTest" name="getAllRelationTest" time="0.752">
    <skipped/>
  </testcase>
  <testcase classname="com.uranus.service.IndexServiceTest" name="insertElementTest" time="0.753">
    <skipped/>
  </testcase>
  <testcase classname="com.uranus.service.IndexServiceTest" name="insertRelationTest" time="0.754">
    <skipped/>
  </testcase>
  <testcase classname="com.uranus.service.IndexServiceTest" name="getElementDtoByIdTest" time="0.755">
    <skipped/>
  </testcase>
  <testcase classname="com.uranus.service.IndexServiceTest" name="getElementEntityByIdTest" time="0.755">
    <skipped/>
  </testcase>
  <testcase classname="com.uranus.service.IndexServiceTest" name="getUpwardRelationTest" time="0.756">
    <skipped/>
  </testcase>
  <testcase classname="com.uranus.service.IndexServiceTest" name="setChildrenTest" time="0.757">
    <skipped/>
  </testcase>
  <testcase classname="com.uranus.service.IndexServiceTest" name="setChildrenRecursivelyTest" time="0.758">
    <skipped/>
  </testcase>
  <testcase classname="com.uranus.service.IndexServiceTest" name="getRootELementsIdTest" time="0.759">
    <skipped/>
  </testcase>
  <testcase classname="com.uranus.service.IndexServiceTest" name="getRootElementsTest" time="0.76">
    <skipped/>
  </testcase>
  <testcase classname="com.uranus.service.IndexServiceTest" name="getParentTest" time="0.761">
    <skipped/>
  </testcase>
</testsuite>